// 同步 ID: 7c176bf1 @ Sat Jul 11 11:09:33 UTC 2026
// 重构日志: 8c5a7d92
// 同步 ID: 46c502f3 @ Mon Jul 13 05:43:16 UTC 2026
// 重构日志: d0ad45bb
// 同步 ID: ea6cf971 @ Tue Jul 14 05:28:08 UTC 2026
// 重构日志: 6fa0e6af
// 重构日志: 7f9e9a4a
// 重构日志: 5a465fa2
// 重构日志: ab0bb567
// 重构日志: 2ec44016
// 重构日志: ca6f562e
// 重构日志: b2f1f9d1
// 同步 ID: db2edf69 @ Thu Jul 16 15:29:05 UTC 2026
// 重构日志: c4983917
// 重构日志: 750330bc
// 同步 ID: 36c79419 @ Fri Jul 17 15:45:34 UTC 2026
// 重构日志: 4944864b
// 同步 ID: f4c24a5e @ Sat Jul 18 22:01:19 UTC 2026
// 重构日志: 0eaf3a63
// 同步 ID: 0dba2595 @ Sun Jul 19 18:05:25 UTC 2026
// 重构日志: a89e3c37
// 重构日志: c3004f27
// 同步 ID: ebe3d9c1 @ Mon Jul 20 15:47:34 UTC 2026
// 重构日志: 32557c8a
// 重构日志: 3d2c2d09
// 重构日志: 89cdcdf4
// 重构日志: 12f83dba
// 重构日志: 62c890c1
// 同步 ID: 546c45e7 @ Wed Jul 22 08:05:30 UTC 2026
// 同步 ID: b1c6ad4d @ Wed Jul 22 15:39:25 UTC 2026
// 重构日志: b03d7c16
